Sat Aug 04 2018 22:55:20 GMT-0500 (CDT): GET / 
Sat Aug 04 2018 22:55:21 GMT-0500 (CDT): GET /favicon.ico 
Sat Aug 04 2018 22:55:24 GMT-0500 (CDT): GET /todos 
Sat Aug 04 2018 22:55:40 GMT-0500 (CDT): POST /todos 
Sat Aug 04 2018 22:55:42 GMT-0500 (CDT): GET /todos 
Sat Aug 04 2018 22:55:48 GMT-0500 (CDT): POST /todos 
Sat Aug 04 2018 22:55:49 GMT-0500 (CDT): POST /todos 
Sat Aug 04 2018 22:55:50 GMT-0500 (CDT): GET /todos 
Sat Aug 04 2018 22:56:42 GMT-0500 (CDT): GET /todos 
Sat Aug 04 2018 22:57:03 GMT-0500 (CDT): DELETE /todos/5b667544c36d37a004871071 
Sat Aug 04 2018 22:57:10 GMT-0500 (CDT): DELETE /todos/5b667545c36d37a004871072 
Sat Aug 04 2018 22:57:25 GMT-0500 (CDT): PATCH /todos/5b66753cc36d37a004871070 
Sat Aug 04 2018 22:57:27 GMT-0500 (CDT): GET /todos 
Sat Aug 04 2018 23:04:36 GMT-0500 (CDT): POST /todos 
Sat Aug 04 2018 23:04:36 GMT-0500 (CDT): POST /todos 
Sat Aug 04 2018 23:04:36 GMT-0500 (CDT): GET /todos 
Sat Aug 04 2018 23:04:36 GMT-0500 (CDT): GET /todos/5b66775404256405539e32c6 
Sat Aug 04 2018 23:04:36 GMT-0500 (CDT): GET /todos/5b66775404256405539e32c8 
Sat Aug 04 2018 23:04:36 GMT-0500 (CDT): GET /todos/123abc 
Sat Aug 04 2018 23:04:36 GMT-0500 (CDT): DELETE /todos/5b66775404256405539e32c7 
Sat Aug 04 2018 23:04:36 GMT-0500 (CDT): DELETE /todos/5b66775404256405539e32c9 
Sat Aug 04 2018 23:04:36 GMT-0500 (CDT): DELETE /todos/123abc 
Sat Aug 04 2018 23:04:36 GMT-0500 (CDT): PATCH /todos/5b66775404256405539e32c6 
Sat Aug 04 2018 23:04:36 GMT-0500 (CDT): PATCH /todos/5b66775404256405539e32c7 
Sat Aug 04 2018 23:30:35 GMT-0500 (CDT): GET / 
Sat Aug 04 2018 23:30:36 GMT-0500 (CDT): GET /todos 
Sat Aug 04 2018 23:31:05 GMT-0500 (CDT): PATCH /todos/5b66753cc36d37a004871070 
Sat Aug 04 2018 23:31:07 GMT-0500 (CDT): GET /todos 
Sat Aug 04 2018 23:31:31 GMT-0500 (CDT): POST /todos 
Sat Aug 04 2018 23:31:43 GMT-0500 (CDT): POST /todos 
Sat Aug 04 2018 23:31:56 GMT-0500 (CDT): POST /todos 
Sat Aug 04 2018 23:31:58 GMT-0500 (CDT): GET /todos 
Sat Aug 04 2018 23:32:39 GMT-0500 (CDT): PATCH /todos/5b667da395f8f3b4063e1d6d 
Sat Aug 04 2018 23:32:40 GMT-0500 (CDT): GET /todos 
Sun Aug 05 2018 12:36:51 GMT-0500 (CDT): POST /users/ 
Sun Aug 05 2018 12:36:59 GMT-0500 (CDT): POST /users/ 
Sun Aug 05 2018 12:38:14 GMT-0500 (CDT): GET /users/ 
Sun Aug 05 2018 12:38:31 GMT-0500 (CDT): GET /users/ 
Sun Aug 05 2018 12:39:20 GMT-0500 (CDT): GET /users/ 
Sun Aug 05 2018 12:39:27 GMT-0500 (CDT): POST /users/ 
Sun Aug 05 2018 12:40:14 GMT-0500 (CDT): GET /users/ 
Sun Aug 05 2018 12:40:15 GMT-0500 (CDT): GET /users/ 
Sun Aug 05 2018 12:41:00 GMT-0500 (CDT): POST /users/ 
Sun Aug 05 2018 12:44:48 GMT-0500 (CDT): POST /users/ 
Sun Aug 05 2018 13:56:14 GMT-0500 (CDT): POST /users/ 
Sun Aug 05 2018 13:56:58 GMT-0500 (CDT): GET /users/ 
Sun Aug 05 2018 14:00:27 GMT-0500 (CDT): POST /users/ 
Sun Aug 05 2018 14:02:28 GMT-0500 (CDT): POST /users/ 
Sun Aug 05 2018 14:02:43 GMT-0500 (CDT): POST /users/ 
Sun Aug 05 2018 14:03:09 GMT-0500 (CDT): POST /users/ 
Sun Aug 05 2018 14:03:46 GMT-0500 (CDT): POST /users/ 
Sun Aug 05 2018 14:04:12 GMT-0500 (CDT): POST /users/ 
Sun Aug 05 2018 14:06:03 GMT-0500 (CDT): POST /users/ 
Sun Aug 05 2018 14:06:07 GMT-0500 (CDT): GET /users/ 
Sun Aug 05 2018 14:11:03 GMT-0500 (CDT): POST /users/ 
Sun Aug 05 2018 14:22:59 GMT-0500 (CDT): POST /users/ 
Sun Aug 05 2018 14:23:28 GMT-0500 (CDT): GET /users/me 
Sun Aug 05 2018 14:24:10 GMT-0500 (CDT): GET /users/me 
Sun Aug 05 2018 14:27:13 GMT-0500 (CDT): GET /users/me 
Sun Aug 05 2018 14:27:17 GMT-0500 (CDT): GET /users/me 
Sun Aug 05 2018 14:28:09 GMT-0500 (CDT): GET /users/me 
Sun Aug 05 2018 14:34:05 GMT-0500 (CDT): GET /users/ 
Sun Aug 05 2018 14:34:16 GMT-0500 (CDT): POST /users/ 
Sun Aug 05 2018 14:34:32 GMT-0500 (CDT): GET /users/me 
Sun Aug 05 2018 14:34:49 GMT-0500 (CDT): GET /users/me 
Sun Aug 05 2018 14:34:54 GMT-0500 (CDT): GET /users/me 
Sun Aug 05 2018 15:01:06 GMT-0500 (CDT): POST /users/ 
Sun Aug 05 2018 15:03:27 GMT-0500 (CDT): POST /todos 
Sun Aug 05 2018 15:03:27 GMT-0500 (CDT): POST /todos 
Sun Aug 05 2018 15:03:27 GMT-0500 (CDT): GET /todos 
Sun Aug 05 2018 15:03:27 GMT-0500 (CDT): GET /todos/5b67580f4113f31399d29397 
Sun Aug 05 2018 15:03:27 GMT-0500 (CDT): GET /todos/5b67580f4113f31399d29399 
Sun Aug 05 2018 15:03:27 GMT-0500 (CDT): GET /todos/123abc 
Sun Aug 05 2018 15:03:27 GMT-0500 (CDT): DELETE /todos/5b67580f4113f31399d29398 
Sun Aug 05 2018 15:03:27 GMT-0500 (CDT): DELETE /todos/5b67580f4113f31399d2939a 
Sun Aug 05 2018 15:03:27 GMT-0500 (CDT): DELETE /todos/123abc 
Sun Aug 05 2018 15:03:27 GMT-0500 (CDT): PATCH /todos/5b67580f4113f31399d29397 
Sun Aug 05 2018 15:03:27 GMT-0500 (CDT): PATCH /todos/5b67580f4113f31399d29398 
Sun Aug 05 2018 15:03:46 GMT-0500 (CDT): POST /todos 
Sun Aug 05 2018 15:03:46 GMT-0500 (CDT): POST /todos 
Sun Aug 05 2018 15:03:46 GMT-0500 (CDT): GET /todos 
Sun Aug 05 2018 15:03:46 GMT-0500 (CDT): GET /todos/5b675822b4bc1b13b0d8ac29 
Sun Aug 05 2018 15:03:46 GMT-0500 (CDT): GET /todos/5b675822b4bc1b13b0d8ac2b 
Sun Aug 05 2018 15:03:46 GMT-0500 (CDT): GET /todos/123abc 
Sun Aug 05 2018 15:03:46 GMT-0500 (CDT): DELETE /todos/5b675822b4bc1b13b0d8ac2a 
Sun Aug 05 2018 15:03:46 GMT-0500 (CDT): DELETE /todos/5b675822b4bc1b13b0d8ac2c 
Sun Aug 05 2018 15:03:46 GMT-0500 (CDT): DELETE /todos/123abc 
Sun Aug 05 2018 15:03:46 GMT-0500 (CDT): PATCH /todos/5b675822b4bc1b13b0d8ac29 
Sun Aug 05 2018 15:03:46 GMT-0500 (CDT): PATCH /todos/5b675822b4bc1b13b0d8ac2a 
Sun Aug 05 2018 15:06:31 GMT-0500 (CDT): POST /todos 
Sun Aug 05 2018 15:06:31 GMT-0500 (CDT): POST /todos 
Sun Aug 05 2018 15:06:31 GMT-0500 (CDT): GET /todos 
Sun Aug 05 2018 15:06:31 GMT-0500 (CDT): GET /todos/5b6758c7695d78140868ec5d 
Sun Aug 05 2018 15:06:31 GMT-0500 (CDT): GET /todos/5b6758c7695d78140868ec5f 
Sun Aug 05 2018 15:06:31 GMT-0500 (CDT): GET /todos/123abc 
Sun Aug 05 2018 15:06:31 GMT-0500 (CDT): DELETE /todos/5b6758c7695d78140868ec5e 
Sun Aug 05 2018 15:06:31 GMT-0500 (CDT): DELETE /todos/5b6758c7695d78140868ec60 
Sun Aug 05 2018 15:06:31 GMT-0500 (CDT): DELETE /todos/123abc 
Sun Aug 05 2018 15:06:31 GMT-0500 (CDT): PATCH /todos/5b6758c7695d78140868ec5d 
Sun Aug 05 2018 15:06:31 GMT-0500 (CDT): PATCH /todos/5b6758c7695d78140868ec5e 
Sun Aug 05 2018 15:22:52 GMT-0500 (CDT): POST /todos 
Sun Aug 05 2018 15:22:52 GMT-0500 (CDT): POST /todos 
Sun Aug 05 2018 15:22:52 GMT-0500 (CDT): GET /todos 
Sun Aug 05 2018 15:22:53 GMT-0500 (CDT): GET /todos/5b675c9b3a473c15828eae3f 
Sun Aug 05 2018 15:22:53 GMT-0500 (CDT): GET /todos/5b675c9d3a473c15828eae41 
Sun Aug 05 2018 15:22:54 GMT-0500 (CDT): GET /todos/123abc 
Sun Aug 05 2018 15:22:54 GMT-0500 (CDT): DELETE /todos/5b675c9b3a473c15828eae40 
Sun Aug 05 2018 15:22:55 GMT-0500 (CDT): DELETE /todos/5b675c9f3a473c15828eae42 
Sun Aug 05 2018 15:22:55 GMT-0500 (CDT): DELETE /todos/123abc 
Sun Aug 05 2018 15:22:55 GMT-0500 (CDT): PATCH /todos/5b675c9b3a473c15828eae3f 
Sun Aug 05 2018 15:22:56 GMT-0500 (CDT): PATCH /todos/5b675c9b3a473c15828eae40 
Sun Aug 05 2018 15:26:38 GMT-0500 (CDT): POST /todos 
Sun Aug 05 2018 15:26:39 GMT-0500 (CDT): POST /todos 
Sun Aug 05 2018 15:26:39 GMT-0500 (CDT): GET /todos 
Sun Aug 05 2018 15:26:40 GMT-0500 (CDT): GET /todos/5b675d7e9fa83415c2904498 
Sun Aug 05 2018 15:26:40 GMT-0500 (CDT): GET /todos/5b675d809fa83415c290449a 
Sun Aug 05 2018 15:26:41 GMT-0500 (CDT): GET /todos/123abc 
Sun Aug 05 2018 15:26:41 GMT-0500 (CDT): DELETE /todos/5b675d7e9fa83415c2904499 
Sun Aug 05 2018 15:26:41 GMT-0500 (CDT): DELETE /todos/5b675d819fa83415c290449b 
Sun Aug 05 2018 15:26:42 GMT-0500 (CDT): DELETE /todos/123abc 
Sun Aug 05 2018 15:26:45 GMT-0500 (CDT): POST /todos 
Sun Aug 05 2018 15:26:45 GMT-0500 (CDT): POST /todos 
Sun Aug 05 2018 15:26:46 GMT-0500 (CDT): GET /todos 
Sun Aug 05 2018 15:26:46 GMT-0500 (CDT): GET /todos/5b675d8443449915d02d9f91 
Sun Aug 05 2018 15:26:46 GMT-0500 (CDT): GET /todos/5b675d8643449915d02d9f93 
Sun Aug 05 2018 15:26:47 GMT-0500 (CDT): GET /todos/123abc 
Sun Aug 05 2018 15:26:47 GMT-0500 (CDT): DELETE /todos/5b675d8443449915d02d9f92 
Sun Aug 05 2018 15:26:48 GMT-0500 (CDT): DELETE /todos/5b675d8843449915d02d9f94 
Sun Aug 05 2018 15:26:48 GMT-0500 (CDT): DELETE /todos/123abc 
Sun Aug 05 2018 15:26:49 GMT-0500 (CDT): PATCH /todos/5b675d8443449915d02d9f91 
Sun Aug 05 2018 15:26:49 GMT-0500 (CDT): PATCH /todos/5b675d8443449915d02d9f92 
Sun Aug 05 2018 15:26:49 GMT-0500 (CDT): GET /users/me 
Sun Aug 05 2018 15:27:22 GMT-0500 (CDT): POST /todos 
Sun Aug 05 2018 15:27:22 GMT-0500 (CDT): POST /todos 
Sun Aug 05 2018 15:27:23 GMT-0500 (CDT): GET /todos 
Sun Aug 05 2018 15:27:23 GMT-0500 (CDT): GET /todos/5b675da90b119615e89b476b 
Sun Aug 05 2018 15:27:24 GMT-0500 (CDT): GET /todos/5b675dac0b119615e89b476d 
Sun Aug 05 2018 15:27:24 GMT-0500 (CDT): GET /todos/123abc 
Sun Aug 05 2018 15:27:24 GMT-0500 (CDT): DELETE /todos/5b675da90b119615e89b476c 
Sun Aug 05 2018 15:27:25 GMT-0500 (CDT): DELETE /todos/5b675dad0b119615e89b476e 
Sun Aug 05 2018 15:27:25 GMT-0500 (CDT): DELETE /todos/123abc 
Sun Aug 05 2018 15:27:26 GMT-0500 (CDT): PATCH /todos/5b675da90b119615e89b476b 
Sun Aug 05 2018 15:27:26 GMT-0500 (CDT): PATCH /todos/5b675da90b119615e89b476c 
Sun Aug 05 2018 15:27:27 GMT-0500 (CDT): GET /users/me 
Sun Aug 05 2018 15:28:17 GMT-0500 (CDT): POST /todos 
Sun Aug 05 2018 15:28:18 GMT-0500 (CDT): POST /todos 
Sun Aug 05 2018 15:28:18 GMT-0500 (CDT): GET /todos 
Sun Aug 05 2018 15:28:18 GMT-0500 (CDT): GET /todos/5b675de14746e3161c0c7985 
Sun Aug 05 2018 15:28:19 GMT-0500 (CDT): GET /todos/5b675de34746e3161c0c7987 
Sun Aug 05 2018 15:28:19 GMT-0500 (CDT): GET /todos/123abc 
Sun Aug 05 2018 15:28:20 GMT-0500 (CDT): DELETE /todos/5b675de14746e3161c0c7986 
Sun Aug 05 2018 15:28:20 GMT-0500 (CDT): DELETE /todos/5b675de44746e3161c0c7988 
Sun Aug 05 2018 15:28:21 GMT-0500 (CDT): DELETE /todos/123abc 
Sun Aug 05 2018 15:28:21 GMT-0500 (CDT): PATCH /todos/5b675de14746e3161c0c7985 
Sun Aug 05 2018 15:28:21 GMT-0500 (CDT): PATCH /todos/5b675de14746e3161c0c7986 
Sun Aug 05 2018 15:28:22 GMT-0500 (CDT): GET /users/me 
Sun Aug 05 2018 15:29:38 GMT-0500 (CDT): POST /todos 
Sun Aug 05 2018 15:29:38 GMT-0500 (CDT): POST /todos 
Sun Aug 05 2018 15:29:39 GMT-0500 (CDT): GET /todos 
Sun Aug 05 2018 15:29:39 GMT-0500 (CDT): GET /todos/5b675e31e813ce163a77996c 
Sun Aug 05 2018 15:29:40 GMT-0500 (CDT): GET /todos/5b675e34e813ce163a77996e 
Sun Aug 05 2018 15:29:40 GMT-0500 (CDT): GET /todos/123abc 
Sun Aug 05 2018 15:29:40 GMT-0500 (CDT): DELETE /todos/5b675e31e813ce163a77996d 
Sun Aug 05 2018 15:29:41 GMT-0500 (CDT): DELETE /todos/5b675e35e813ce163a77996f 
Sun Aug 05 2018 15:29:41 GMT-0500 (CDT): DELETE /todos/123abc 
Sun Aug 05 2018 15:29:42 GMT-0500 (CDT): PATCH /todos/5b675e31e813ce163a77996c 
Sun Aug 05 2018 15:29:42 GMT-0500 (CDT): PATCH /todos/5b675e31e813ce163a77996d 
Sun Aug 05 2018 15:29:43 GMT-0500 (CDT): GET /users/me 
Sun Aug 05 2018 15:29:43 GMT-0500 (CDT): GET /users/me 
Sun Aug 05 2018 15:32:26 GMT-0500 (CDT): POST /todos 
Sun Aug 05 2018 15:32:26 GMT-0500 (CDT): POST /todos 
Sun Aug 05 2018 15:32:26 GMT-0500 (CDT): GET /todos 
Sun Aug 05 2018 15:32:29 GMT-0500 (CDT): POST /todos 
Sun Aug 05 2018 15:32:29 GMT-0500 (CDT): POST /todos 
Sun Aug 05 2018 15:32:30 GMT-0500 (CDT): GET /todos 
Sun Aug 05 2018 15:32:30 GMT-0500 (CDT): GET /todos/5b675edcc5ce50166e83bf51 
Sun Aug 05 2018 15:32:31 GMT-0500 (CDT): GET /todos/5b675edfc5ce50166e83bf53 
Sun Aug 05 2018 15:32:31 GMT-0500 (CDT): GET /todos/123abc 
Sun Aug 05 2018 15:32:32 GMT-0500 (CDT): DELETE /todos/5b675edcc5ce50166e83bf52 
Sun Aug 05 2018 15:32:32 GMT-0500 (CDT): DELETE /todos/5b675ee0c5ce50166e83bf54 
Sun Aug 05 2018 15:32:32 GMT-0500 (CDT): DELETE /todos/123abc 
Sun Aug 05 2018 15:32:33 GMT-0500 (CDT): PATCH /todos/5b675edcc5ce50166e83bf51 
Sun Aug 05 2018 15:32:33 GMT-0500 (CDT): PATCH /todos/5b675edcc5ce50166e83bf52 
Sun Aug 05 2018 15:32:34 GMT-0500 (CDT): GET /users/me 
Sun Aug 05 2018 15:32:34 GMT-0500 (CDT): GET /users/me 
Sun Aug 05 2018 15:32:35 GMT-0500 (CDT): POST /users 
Sun Aug 05 2018 15:33:06 GMT-0500 (CDT): POST /todos 
Sun Aug 05 2018 15:33:06 GMT-0500 (CDT): POST /todos 
Sun Aug 05 2018 15:33:07 GMT-0500 (CDT): GET /todos 
Sun Aug 05 2018 15:33:07 GMT-0500 (CDT): GET /todos/5b675f019f731e168752d3c6 
Sun Aug 05 2018 15:33:08 GMT-0500 (CDT): GET /todos/5b675f049f731e168752d3c8 
Sun Aug 05 2018 15:33:08 GMT-0500 (CDT): GET /todos/123abc 
Sun Aug 05 2018 15:33:08 GMT-0500 (CDT): DELETE /todos/5b675f019f731e168752d3c7 
Sun Aug 05 2018 15:33:09 GMT-0500 (CDT): DELETE /todos/5b675f059f731e168752d3c9 
Sun Aug 05 2018 15:33:09 GMT-0500 (CDT): DELETE /todos/123abc 
Sun Aug 05 2018 15:33:10 GMT-0500 (CDT): PATCH /todos/5b675f019f731e168752d3c6 
Sun Aug 05 2018 15:33:10 GMT-0500 (CDT): PATCH /todos/5b675f019f731e168752d3c7 
Sun Aug 05 2018 15:33:11 GMT-0500 (CDT): GET /users/me 
Sun Aug 05 2018 15:33:11 GMT-0500 (CDT): GET /users/me 
Sun Aug 05 2018 15:33:11 GMT-0500 (CDT): POST /users 
Sun Aug 05 2018 15:34:12 GMT-0500 (CDT): POST /todos 
Sun Aug 05 2018 15:34:13 GMT-0500 (CDT): POST /todos 
Sun Aug 05 2018 15:34:13 GMT-0500 (CDT): GET /todos 
Sun Aug 05 2018 15:34:13 GMT-0500 (CDT): GET /todos/5b675f44bcc176169f0eef13 
Sun Aug 05 2018 15:34:14 GMT-0500 (CDT): GET /todos/5b675f46bcc176169f0eef15 
Sun Aug 05 2018 15:34:14 GMT-0500 (CDT): GET /todos/123abc 
Sun Aug 05 2018 15:34:15 GMT-0500 (CDT): DELETE /todos/5b675f44bcc176169f0eef14 
Sun Aug 05 2018 15:34:15 GMT-0500 (CDT): DELETE /todos/5b675f47bcc176169f0eef16 
Sun Aug 05 2018 15:34:16 GMT-0500 (CDT): DELETE /todos/123abc 
Sun Aug 05 2018 15:34:16 GMT-0500 (CDT): PATCH /todos/5b675f44bcc176169f0eef13 
Sun Aug 05 2018 15:34:16 GMT-0500 (CDT): PATCH /todos/5b675f44bcc176169f0eef14 
Sun Aug 05 2018 15:34:17 GMT-0500 (CDT): GET /users/me 
Sun Aug 05 2018 15:34:17 GMT-0500 (CDT): GET /users/me 
Sun Aug 05 2018 15:34:18 GMT-0500 (CDT): POST /users 
Sun Aug 05 2018 15:34:40 GMT-0500 (CDT): POST /todos 
Sun Aug 05 2018 15:34:40 GMT-0500 (CDT): POST /todos 
Sun Aug 05 2018 15:34:41 GMT-0500 (CDT): GET /todos 
Sun Aug 05 2018 15:34:41 GMT-0500 (CDT): GET /todos/5b675f5f5a41cc16b4d97648 
Sun Aug 05 2018 15:34:41 GMT-0500 (CDT): GET /todos/5b675f615a41cc16b4d9764a 
Sun Aug 05 2018 15:34:42 GMT-0500 (CDT): GET /todos/123abc 
Sun Aug 05 2018 15:34:42 GMT-0500 (CDT): DELETE /todos/5b675f5f5a41cc16b4d97649 
Sun Aug 05 2018 15:34:43 GMT-0500 (CDT): DELETE /todos/5b675f635a41cc16b4d9764b 
Sun Aug 05 2018 15:34:43 GMT-0500 (CDT): DELETE /todos/123abc 
Sun Aug 05 2018 15:34:44 GMT-0500 (CDT): PATCH /todos/5b675f5f5a41cc16b4d97648 
Sun Aug 05 2018 15:34:44 GMT-0500 (CDT): PATCH /todos/5b675f5f5a41cc16b4d97649 
Sun Aug 05 2018 15:34:44 GMT-0500 (CDT): GET /users/me 
Sun Aug 05 2018 15:34:45 GMT-0500 (CDT): GET /users/me 
Sun Aug 05 2018 15:34:45 GMT-0500 (CDT): POST /users 
Sun Aug 05 2018 15:36:16 GMT-0500 (CDT): POST /todos 
Sun Aug 05 2018 15:36:16 GMT-0500 (CDT): POST /todos 
Sun Aug 05 2018 15:36:17 GMT-0500 (CDT): GET /todos 
Sun Aug 05 2018 15:36:17 GMT-0500 (CDT): GET /todos/5b675fbff7679916d26bdcb6 
Sun Aug 05 2018 15:36:18 GMT-0500 (CDT): GET /todos/5b675fc2f7679916d26bdcb8 
Sun Aug 05 2018 15:36:18 GMT-0500 (CDT): GET /todos/123abc 
Sun Aug 05 2018 15:36:19 GMT-0500 (CDT): DELETE /todos/5b675fbff7679916d26bdcb7 
Sun Aug 05 2018 15:36:19 GMT-0500 (CDT): DELETE /todos/5b675fc3f7679916d26bdcb9 
Sun Aug 05 2018 15:36:19 GMT-0500 (CDT): DELETE /todos/123abc 
Sun Aug 05 2018 15:36:20 GMT-0500 (CDT): PATCH /todos/5b675fbff7679916d26bdcb6 
Sun Aug 05 2018 15:36:20 GMT-0500 (CDT): PATCH /todos/5b675fbff7679916d26bdcb7 
Sun Aug 05 2018 15:36:21 GMT-0500 (CDT): GET /users/me 
Sun Aug 05 2018 15:36:21 GMT-0500 (CDT): GET /users/me 
Sun Aug 05 2018 15:36:21 GMT-0500 (CDT): POST /users 
Sun Aug 05 2018 15:36:22 GMT-0500 (CDT): POST /users 
Sun Aug 05 2018 15:37:03 GMT-0500 (CDT): POST /todos 
Sun Aug 05 2018 15:37:03 GMT-0500 (CDT): POST /todos 
Sun Aug 05 2018 15:37:04 GMT-0500 (CDT): GET /todos 
Sun Aug 05 2018 15:37:04 GMT-0500 (CDT): GET /todos/5b675feef5ee0d16eaf22926 
Sun Aug 05 2018 15:37:04 GMT-0500 (CDT): GET /todos/5b675ff0f5ee0d16eaf22928 
Sun Aug 05 2018 15:37:05 GMT-0500 (CDT): GET /todos/123abc 
Sun Aug 05 2018 15:37:05 GMT-0500 (CDT): DELETE /todos/5b675feef5ee0d16eaf22927 
Sun Aug 05 2018 15:37:06 GMT-0500 (CDT): DELETE /todos/5b675ff2f5ee0d16eaf22929 
Sun Aug 05 2018 15:37:06 GMT-0500 (CDT): DELETE /todos/123abc 
Sun Aug 05 2018 15:37:06 GMT-0500 (CDT): PATCH /todos/5b675feef5ee0d16eaf22926 
Sun Aug 05 2018 15:37:07 GMT-0500 (CDT): PATCH /todos/5b675feef5ee0d16eaf22927 
Sun Aug 05 2018 15:37:07 GMT-0500 (CDT): GET /users/me 
Sun Aug 05 2018 15:37:08 GMT-0500 (CDT): GET /users/me 
Sun Aug 05 2018 15:37:08 GMT-0500 (CDT): POST /users 
Sun Aug 05 2018 15:37:09 GMT-0500 (CDT): POST /users 
Sun Aug 05 2018 15:37:09 GMT-0500 (CDT): POST /users 
Sun Aug 05 2018 15:37:42 GMT-0500 (CDT): POST /todos 
Sun Aug 05 2018 15:37:42 GMT-0500 (CDT): POST /todos 
Sun Aug 05 2018 15:37:43 GMT-0500 (CDT): GET /todos 
Sun Aug 05 2018 15:37:43 GMT-0500 (CDT): GET /todos/5b67601578ff1c1700afc1e4 
Sun Aug 05 2018 15:37:44 GMT-0500 (CDT): GET /todos/5b67601878ff1c1700afc1e6 
Sun Aug 05 2018 15:37:44 GMT-0500 (CDT): GET /todos/123abc 
Sun Aug 05 2018 15:37:45 GMT-0500 (CDT): DELETE /todos/5b67601578ff1c1700afc1e5 
Sun Aug 05 2018 15:37:45 GMT-0500 (CDT): DELETE /todos/5b67601978ff1c1700afc1e7 
Sun Aug 05 2018 15:37:45 GMT-0500 (CDT): DELETE /todos/123abc 
Sun Aug 05 2018 15:37:46 GMT-0500 (CDT): PATCH /todos/5b67601578ff1c1700afc1e4 
Sun Aug 05 2018 15:37:46 GMT-0500 (CDT): PATCH /todos/5b67601578ff1c1700afc1e5 
Sun Aug 05 2018 15:37:47 GMT-0500 (CDT): GET /users/me 
Sun Aug 05 2018 15:37:47 GMT-0500 (CDT): GET /users/me 
Sun Aug 05 2018 15:37:48 GMT-0500 (CDT): POST /users 
Sun Aug 05 2018 15:37:48 GMT-0500 (CDT): POST /users 
Sun Aug 05 2018 15:37:49 GMT-0500 (CDT): POST /users 
Sun Aug 05 2018 15:47:35 GMT-0500 (CDT): POST /users/ 
Sun Aug 05 2018 15:48:14 GMT-0500 (CDT): POST /users/login 
Sun Aug 05 2018 15:49:11 GMT-0500 (CDT): POST /users/login 
Sun Aug 05 2018 15:49:24 GMT-0500 (CDT): POST /users/login 
Sun Aug 05 2018 15:59:01 GMT-0500 (CDT): POST /users/ 
Sun Aug 05 2018 15:59:08 GMT-0500 (CDT): POST /users/login 
Sun Aug 05 2018 15:59:36 GMT-0500 (CDT): POST /users/login 
Sun Aug 05 2018 16:01:17 GMT-0500 (CDT): POST /users/login 
Sun Aug 05 2018 16:02:32 GMT-0500 (CDT): POST /users/login 
Sun Aug 05 2018 16:02:52 GMT-0500 (CDT): POST /users/login 
Sun Aug 05 2018 16:03:31 GMT-0500 (CDT): POST /users/login 
Sun Aug 05 2018 16:04:33 GMT-0500 (CDT): POST /users/login 
Sun Aug 05 2018 16:08:30 GMT-0500 (CDT): POST /users/login 
Sun Aug 05 2018 16:08:34 GMT-0500 (CDT): POST /users/login 
Sun Aug 05 2018 16:08:40 GMT-0500 (CDT): POST /users/login 
Sun Aug 05 2018 16:09:01 GMT-0500 (CDT): POST /users/login 
Sun Aug 05 2018 16:09:27 GMT-0500 (CDT): POST /users/login 
Sun Aug 05 2018 16:13:58 GMT-0500 (CDT): POST /users/login 
Sun Aug 05 2018 16:14:27 GMT-0500 (CDT): GET /users/me 
Sun Aug 05 2018 16:14:31 GMT-0500 (CDT): GET /users/me 
Sun Aug 05 2018 16:14:57 GMT-0500 (CDT): POST /users/ 
Sun Aug 05 2018 16:15:20 GMT-0500 (CDT): POST /users/login 
Sun Aug 05 2018 16:15:28 GMT-0500 (CDT): POST /users/login 
Sun Aug 05 2018 16:15:49 GMT-0500 (CDT): POST /users/login 
Sun Aug 05 2018 16:15:55 GMT-0500 (CDT): GET /users/ 
Sun Aug 05 2018 16:16:09 GMT-0500 (CDT): POST /users/login 
Sun Aug 05 2018 16:16:19 GMT-0500 (CDT): GET /users/me 
Sun Aug 05 2018 16:17:34 GMT-0500 (CDT): GET /users/ 
Sun Aug 05 2018 16:18:09 GMT-0500 (CDT): POST /users/ 
Sun Aug 05 2018 16:18:28 GMT-0500 (CDT): POST /users/login 
Sun Aug 05 2018 16:18:55 GMT-0500 (CDT): GET /users/me 
Sun Aug 05 2018 16:26:52 GMT-0500 (CDT): POST /todos 
Sun Aug 05 2018 16:26:53 GMT-0500 (CDT): POST /todos 
Sun Aug 05 2018 16:26:53 GMT-0500 (CDT): GET /todos 
Sun Aug 05 2018 16:26:54 GMT-0500 (CDT): GET /todos/5b676b9c3c02201c32cb8144 
Sun Aug 05 2018 16:26:54 GMT-0500 (CDT): GET /todos/5b676b9e3c02201c32cb8146 
Sun Aug 05 2018 16:26:54 GMT-0500 (CDT): GET /todos/123abc 
Sun Aug 05 2018 16:26:55 GMT-0500 (CDT): DELETE /todos/5b676b9c3c02201c32cb8145 
Sun Aug 05 2018 16:26:55 GMT-0500 (CDT): DELETE /todos/5b676b9f3c02201c32cb8147 
Sun Aug 05 2018 16:26:56 GMT-0500 (CDT): DELETE /todos/123abc 
Sun Aug 05 2018 16:26:56 GMT-0500 (CDT): PATCH /todos/5b676b9c3c02201c32cb8144 
Sun Aug 05 2018 16:26:56 GMT-0500 (CDT): PATCH /todos/5b676b9c3c02201c32cb8145 
Sun Aug 05 2018 16:26:57 GMT-0500 (CDT): GET /users/me 
Sun Aug 05 2018 16:26:57 GMT-0500 (CDT): GET /users/me 
Sun Aug 05 2018 16:26:58 GMT-0500 (CDT): POST /users 
Sun Aug 05 2018 16:26:58 GMT-0500 (CDT): POST /users 
Sun Aug 05 2018 16:26:59 GMT-0500 (CDT): POST /users 
Sun Aug 05 2018 16:27:00 GMT-0500 (CDT): POST /users/login 
Sun Aug 05 2018 16:30:03 GMT-0500 (CDT): POST /todos 
Sun Aug 05 2018 16:30:04 GMT-0500 (CDT): POST /todos 
Sun Aug 05 2018 16:30:04 GMT-0500 (CDT): GET /todos 
Sun Aug 05 2018 16:30:05 GMT-0500 (CDT): GET /todos/5b676c5b732c511c67f62206 
Sun Aug 05 2018 16:30:05 GMT-0500 (CDT): GET /todos/5b676c5d732c511c67f62208 
Sun Aug 05 2018 16:30:05 GMT-0500 (CDT): GET /todos/123abc 
Sun Aug 05 2018 16:30:06 GMT-0500 (CDT): DELETE /todos/5b676c5b732c511c67f62207 
Sun Aug 05 2018 16:30:06 GMT-0500 (CDT): DELETE /todos/5b676c5e732c511c67f62209 
Sun Aug 05 2018 16:30:07 GMT-0500 (CDT): DELETE /todos/123abc 
Sun Aug 05 2018 16:30:07 GMT-0500 (CDT): PATCH /todos/5b676c5b732c511c67f62206 
Sun Aug 05 2018 16:30:07 GMT-0500 (CDT): PATCH /todos/5b676c5b732c511c67f62207 
Sun Aug 05 2018 16:30:08 GMT-0500 (CDT): GET /users/me 
Sun Aug 05 2018 16:30:08 GMT-0500 (CDT): GET /users/me 
Sun Aug 05 2018 16:30:09 GMT-0500 (CDT): POST /users 
Sun Aug 05 2018 16:30:09 GMT-0500 (CDT): POST /users 
Sun Aug 05 2018 16:30:10 GMT-0500 (CDT): POST /users 
Sun Aug 05 2018 16:30:10 GMT-0500 (CDT): POST /users/login 
Sun Aug 05 2018 16:33:34 GMT-0500 (CDT): POST /todos 
Sun Aug 05 2018 16:33:35 GMT-0500 (CDT): POST /todos 
Sun Aug 05 2018 16:33:35 GMT-0500 (CDT): GET /todos 
Sun Aug 05 2018 16:33:36 GMT-0500 (CDT): GET /todos/5b676d2ed68f451cb214a835 
Sun Aug 05 2018 16:33:36 GMT-0500 (CDT): GET /todos/5b676d30d68f451cb214a837 
Sun Aug 05 2018 16:33:37 GMT-0500 (CDT): GET /todos/123abc 
Sun Aug 05 2018 16:33:37 GMT-0500 (CDT): DELETE /todos/5b676d2ed68f451cb214a836 
Sun Aug 05 2018 16:33:37 GMT-0500 (CDT): DELETE /todos/5b676d31d68f451cb214a838 
Sun Aug 05 2018 16:33:38 GMT-0500 (CDT): DELETE /todos/123abc 
Sun Aug 05 2018 16:33:38 GMT-0500 (CDT): PATCH /todos/5b676d2ed68f451cb214a835 
Sun Aug 05 2018 16:33:39 GMT-0500 (CDT): PATCH /todos/5b676d2ed68f451cb214a836 
Sun Aug 05 2018 16:33:39 GMT-0500 (CDT): GET /users/me 
Sun Aug 05 2018 16:33:40 GMT-0500 (CDT): GET /users/me 
Sun Aug 05 2018 16:33:40 GMT-0500 (CDT): POST /users 
Sun Aug 05 2018 16:33:41 GMT-0500 (CDT): POST /users 
Sun Aug 05 2018 16:33:41 GMT-0500 (CDT): POST /users 
Sun Aug 05 2018 16:33:42 GMT-0500 (CDT): POST /users/login 
Sun Aug 05 2018 16:40:08 GMT-0500 (CDT): POST /todos 
Sun Aug 05 2018 16:40:09 GMT-0500 (CDT): POST /todos 
Sun Aug 05 2018 16:40:09 GMT-0500 (CDT): GET /todos 
Sun Aug 05 2018 16:40:10 GMT-0500 (CDT): GET /todos/5b676eb8aad4e31d0120b60f 
Sun Aug 05 2018 16:40:10 GMT-0500 (CDT): GET /todos/5b676ebaaad4e31d0120b611 
Sun Aug 05 2018 16:40:11 GMT-0500 (CDT): GET /todos/123abc 
Sun Aug 05 2018 16:40:11 GMT-0500 (CDT): DELETE /todos/5b676eb8aad4e31d0120b610 
Sun Aug 05 2018 16:40:11 GMT-0500 (CDT): DELETE /todos/5b676ebbaad4e31d0120b612 
Sun Aug 05 2018 16:40:12 GMT-0500 (CDT): DELETE /todos/123abc 
Sun Aug 05 2018 16:40:12 GMT-0500 (CDT): PATCH /todos/5b676eb8aad4e31d0120b60f 
Sun Aug 05 2018 16:40:13 GMT-0500 (CDT): PATCH /todos/5b676eb8aad4e31d0120b610 
Sun Aug 05 2018 16:40:13 GMT-0500 (CDT): GET /users/me 
Sun Aug 05 2018 16:40:13 GMT-0500 (CDT): GET /users/me 
Sun Aug 05 2018 16:40:14 GMT-0500 (CDT): POST /users 
Sun Aug 05 2018 16:40:15 GMT-0500 (CDT): POST /users 
Sun Aug 05 2018 16:40:15 GMT-0500 (CDT): POST /users 
Sun Aug 05 2018 16:40:16 GMT-0500 (CDT): POST /users/login 
Sun Aug 05 2018 16:40:45 GMT-0500 (CDT): POST /todos 
Sun Aug 05 2018 16:40:46 GMT-0500 (CDT): POST /todos 
Sun Aug 05 2018 16:40:46 GMT-0500 (CDT): GET /todos 
Sun Aug 05 2018 16:40:47 GMT-0500 (CDT): GET /todos/5b676edd3172cb1d108fa57c 
Sun Aug 05 2018 16:40:47 GMT-0500 (CDT): GET /todos/5b676edf3172cb1d108fa57e 
Sun Aug 05 2018 16:40:47 GMT-0500 (CDT): GET /todos/123abc 
Sun Aug 05 2018 16:40:48 GMT-0500 (CDT): DELETE /todos/5b676edd3172cb1d108fa57d 
Sun Aug 05 2018 16:40:48 GMT-0500 (CDT): DELETE /todos/5b676ee03172cb1d108fa57f 
Sun Aug 05 2018 16:40:49 GMT-0500 (CDT): DELETE /todos/123abc 
Sun Aug 05 2018 16:40:49 GMT-0500 (CDT): PATCH /todos/5b676edd3172cb1d108fa57c 
Sun Aug 05 2018 16:40:50 GMT-0500 (CDT): PATCH /todos/5b676edd3172cb1d108fa57d 
Sun Aug 05 2018 16:40:50 GMT-0500 (CDT): GET /users/me 
Sun Aug 05 2018 16:40:50 GMT-0500 (CDT): GET /users/me 
Sun Aug 05 2018 16:40:51 GMT-0500 (CDT): POST /users 
Sun Aug 05 2018 16:40:52 GMT-0500 (CDT): POST /users 
Sun Aug 05 2018 16:40:52 GMT-0500 (CDT): POST /users 
Sun Aug 05 2018 16:40:53 GMT-0500 (CDT): POST /users/login 
Sun Aug 05 2018 16:42:08 GMT-0500 (CDT): POST /todos 
Sun Aug 05 2018 16:42:09 GMT-0500 (CDT): POST /todos 
Sun Aug 05 2018 16:42:09 GMT-0500 (CDT): GET /todos 
Sun Aug 05 2018 16:42:09 GMT-0500 (CDT): GET /todos/5b676f302e35f51d2aa86e53 
Sun Aug 05 2018 16:42:10 GMT-0500 (CDT): GET /todos/5b676f322e35f51d2aa86e55 
Sun Aug 05 2018 16:42:10 GMT-0500 (CDT): GET /todos/123abc 
Sun Aug 05 2018 16:42:11 GMT-0500 (CDT): DELETE /todos/5b676f302e35f51d2aa86e54 
Sun Aug 05 2018 16:42:11 GMT-0500 (CDT): DELETE /todos/5b676f332e35f51d2aa86e56 
Sun Aug 05 2018 16:42:12 GMT-0500 (CDT): DELETE /todos/123abc 
Sun Aug 05 2018 16:42:12 GMT-0500 (CDT): PATCH /todos/5b676f302e35f51d2aa86e53 
Sun Aug 05 2018 16:42:12 GMT-0500 (CDT): PATCH /todos/5b676f302e35f51d2aa86e54 
Sun Aug 05 2018 16:42:13 GMT-0500 (CDT): GET /users/me 
Sun Aug 05 2018 16:42:13 GMT-0500 (CDT): GET /users/me 
Sun Aug 05 2018 16:42:14 GMT-0500 (CDT): POST /users 
Sun Aug 05 2018 16:42:14 GMT-0500 (CDT): POST /users 
Sun Aug 05 2018 16:42:15 GMT-0500 (CDT): POST /users 
Sun Aug 05 2018 16:42:15 GMT-0500 (CDT): POST /users/login 
Sun Aug 05 2018 16:42:32 GMT-0500 (CDT): POST /todos 
Sun Aug 05 2018 16:42:33 GMT-0500 (CDT): POST /todos 
Sun Aug 05 2018 16:42:33 GMT-0500 (CDT): GET /todos 
Sun Aug 05 2018 16:42:34 GMT-0500 (CDT): GET /todos/5b676f48b2ea821d4457b487 
Sun Aug 05 2018 16:42:34 GMT-0500 (CDT): GET /todos/5b676f4ab2ea821d4457b489 
Sun Aug 05 2018 16:42:34 GMT-0500 (CDT): GET /todos/123abc 
Sun Aug 05 2018 16:42:35 GMT-0500 (CDT): DELETE /todos/5b676f48b2ea821d4457b488 
Sun Aug 05 2018 16:42:35 GMT-0500 (CDT): DELETE /todos/5b676f4bb2ea821d4457b48a 
Sun Aug 05 2018 16:42:36 GMT-0500 (CDT): DELETE /todos/123abc 
Sun Aug 05 2018 16:42:36 GMT-0500 (CDT): PATCH /todos/5b676f48b2ea821d4457b487 
Sun Aug 05 2018 16:42:36 GMT-0500 (CDT): PATCH /todos/5b676f48b2ea821d4457b488 
Sun Aug 05 2018 16:42:37 GMT-0500 (CDT): GET /users/me 
Sun Aug 05 2018 16:42:37 GMT-0500 (CDT): GET /users/me 
Sun Aug 05 2018 16:42:38 GMT-0500 (CDT): POST /users 
Sun Aug 05 2018 16:42:38 GMT-0500 (CDT): POST /users 
Sun Aug 05 2018 16:42:39 GMT-0500 (CDT): POST /users 
Sun Aug 05 2018 16:42:39 GMT-0500 (CDT): POST /users/login 
Sun Aug 05 2018 16:46:41 GMT-0500 (CDT): POST /users/login 
Sun Aug 05 2018 16:46:45 GMT-0500 (CDT): POST /users/login 
Sun Aug 05 2018 16:48:47 GMT-0500 (CDT): POST /todos 
Sun Aug 05 2018 16:48:48 GMT-0500 (CDT): POST /todos 
Sun Aug 05 2018 16:48:48 GMT-0500 (CDT): GET /todos 
Sun Aug 05 2018 16:48:48 GMT-0500 (CDT): GET /todos/5b6770bfca3e631db5d82e8d 
Sun Aug 05 2018 16:48:49 GMT-0500 (CDT): GET /todos/5b6770c1ca3e631db5d82e8f 
Sun Aug 05 2018 16:48:49 GMT-0500 (CDT): GET /todos/123abc 
Sun Aug 05 2018 16:48:50 GMT-0500 (CDT): DELETE /todos/5b6770bfca3e631db5d82e8e 
Sun Aug 05 2018 16:48:50 GMT-0500 (CDT): DELETE /todos/5b6770c2ca3e631db5d82e90 
Sun Aug 05 2018 16:48:50 GMT-0500 (CDT): DELETE /todos/123abc 
Sun Aug 05 2018 16:48:51 GMT-0500 (CDT): PATCH /todos/5b6770bfca3e631db5d82e8d 
Sun Aug 05 2018 16:48:51 GMT-0500 (CDT): PATCH /todos/5b6770bfca3e631db5d82e8e 
Sun Aug 05 2018 16:48:52 GMT-0500 (CDT): GET /users/me 
Sun Aug 05 2018 16:48:52 GMT-0500 (CDT): GET /users/me 
Sun Aug 05 2018 16:48:53 GMT-0500 (CDT): POST /users 
Sun Aug 05 2018 16:48:53 GMT-0500 (CDT): POST /users 
Sun Aug 05 2018 16:48:54 GMT-0500 (CDT): POST /users 
Sun Aug 05 2018 16:48:54 GMT-0500 (CDT): POST /users/login 
Sun Aug 05 2018 16:48:55 GMT-0500 (CDT): POST /users/login 
Sun Aug 05 2018 16:56:25 GMT-0500 (CDT): POST /users/ 
Sun Aug 05 2018 16:57:06 GMT-0500 (CDT): DELETE /users/me/token 
Sun Aug 05 2018 16:57:30 GMT-0500 (CDT): DELETE /users/me/token 
Sun Aug 05 2018 17:03:16 GMT-0500 (CDT): POST /todos 
Sun Aug 05 2018 17:03:16 GMT-0500 (CDT): POST /todos 
Sun Aug 05 2018 17:03:17 GMT-0500 (CDT): GET /todos 
Sun Aug 05 2018 17:03:17 GMT-0500 (CDT): GET /todos/5b6774238897001efaff327a 
Sun Aug 05 2018 17:03:18 GMT-0500 (CDT): GET /todos/5b6774268897001efaff327c 
Sun Aug 05 2018 17:03:18 GMT-0500 (CDT): GET /todos/123abc 
Sun Aug 05 2018 17:03:18 GMT-0500 (CDT): DELETE /todos/5b6774238897001efaff327b 
Sun Aug 05 2018 17:03:19 GMT-0500 (CDT): DELETE /todos/5b6774278897001efaff327d 
Sun Aug 05 2018 17:03:19 GMT-0500 (CDT): DELETE /todos/123abc 
Sun Aug 05 2018 17:03:20 GMT-0500 (CDT): PATCH /todos/5b6774238897001efaff327a 
Sun Aug 05 2018 17:03:20 GMT-0500 (CDT): PATCH /todos/5b6774238897001efaff327b 
Sun Aug 05 2018 17:03:20 GMT-0500 (CDT): GET /users/me 
Sun Aug 05 2018 17:03:21 GMT-0500 (CDT): GET /users/me 
Sun Aug 05 2018 17:03:21 GMT-0500 (CDT): POST /users 
Sun Aug 05 2018 17:03:22 GMT-0500 (CDT): POST /users 
Sun Aug 05 2018 17:03:22 GMT-0500 (CDT): POST /users 
Sun Aug 05 2018 17:03:23 GMT-0500 (CDT): POST /users/login 
Sun Aug 05 2018 17:03:24 GMT-0500 (CDT): POST /users/login 
Sun Aug 05 2018 17:03:24 GMT-0500 (CDT): DELETE /users/me/token 
Sun Aug 05 2018 17:03:35 GMT-0500 (CDT): POST /todos 
Sun Aug 05 2018 17:03:35 GMT-0500 (CDT): POST /todos 
Sun Aug 05 2018 17:03:36 GMT-0500 (CDT): GET /todos 
Sun Aug 05 2018 17:03:36 GMT-0500 (CDT): GET /todos/5b67743660df071f06e1a5c2 
Sun Aug 05 2018 17:03:37 GMT-0500 (CDT): GET /todos/5b67743960df071f06e1a5c4 
Sun Aug 05 2018 17:03:37 GMT-0500 (CDT): GET /todos/123abc 
Sun Aug 05 2018 17:03:38 GMT-0500 (CDT): DELETE /todos/5b67743660df071f06e1a5c3 
Sun Aug 05 2018 17:03:38 GMT-0500 (CDT): DELETE /todos/5b67743a60df071f06e1a5c5 
Sun Aug 05 2018 17:03:38 GMT-0500 (CDT): DELETE /todos/123abc 
Sun Aug 05 2018 17:03:39 GMT-0500 (CDT): PATCH /todos/5b67743660df071f06e1a5c2 
Sun Aug 05 2018 17:03:39 GMT-0500 (CDT): PATCH /todos/5b67743660df071f06e1a5c3 
Sun Aug 05 2018 17:03:40 GMT-0500 (CDT): GET /users/me 
Sun Aug 05 2018 17:03:40 GMT-0500 (CDT): GET /users/me 
Sun Aug 05 2018 17:03:40 GMT-0500 (CDT): POST /users 
Sun Aug 05 2018 17:03:41 GMT-0500 (CDT): POST /users 
Sun Aug 05 2018 17:03:41 GMT-0500 (CDT): POST /users 
Sun Aug 05 2018 17:03:42 GMT-0500 (CDT): POST /users/login 
Sun Aug 05 2018 17:03:43 GMT-0500 (CDT): POST /users/login 
Sun Aug 05 2018 17:03:43 GMT-0500 (CDT): DELETE /users/me/token 
Sun Aug 05 2018 17:05:49 GMT-0500 (CDT): POST /todos 
Sun Aug 05 2018 17:05:51 GMT-0500 (CDT): POST /todos 
Sun Aug 05 2018 17:05:51 GMT-0500 (CDT): POST /todos 
Sun Aug 05 2018 17:05:52 GMT-0500 (CDT): GET /todos 
Sun Aug 05 2018 17:05:52 GMT-0500 (CDT): GET /todos/5b6774bec3d6c61f375ec35f 
Sun Aug 05 2018 17:05:53 GMT-0500 (CDT): GET /todos/5b6774c1c3d6c61f375ec361 
Sun Aug 05 2018 17:05:53 GMT-0500 (CDT): GET /todos/123abc 
Sun Aug 05 2018 17:05:54 GMT-0500 (CDT): DELETE /todos/5b6774bec3d6c61f375ec360 
Sun Aug 05 2018 17:05:54 GMT-0500 (CDT): DELETE /todos/5b6774c2c3d6c61f375ec362 
Sun Aug 05 2018 17:05:54 GMT-0500 (CDT): DELETE /todos/123abc 
Sun Aug 05 2018 17:05:55 GMT-0500 (CDT): PATCH /todos/5b6774bec3d6c61f375ec35f 
Sun Aug 05 2018 17:05:55 GMT-0500 (CDT): PATCH /todos/5b6774bec3d6c61f375ec360 
Sun Aug 05 2018 17:05:56 GMT-0500 (CDT): GET /users/me 
Sun Aug 05 2018 17:05:56 GMT-0500 (CDT): GET /users/me 
Sun Aug 05 2018 17:05:56 GMT-0500 (CDT): POST /users 
Sun Aug 05 2018 17:05:57 GMT-0500 (CDT): POST /users 
Sun Aug 05 2018 17:05:57 GMT-0500 (CDT): POST /users 
Sun Aug 05 2018 17:05:58 GMT-0500 (CDT): POST /users/login 
Sun Aug 05 2018 17:05:59 GMT-0500 (CDT): POST /users/login 
Sun Aug 05 2018 17:05:59 GMT-0500 (CDT): DELETE /users/me/token 
Fri Aug 24 2018 19:14:56 GMT-0500 (CDT): GET /posts 
Fri Aug 24 2018 19:15:00 GMT-0500 (CDT): GET /todos 
Fri Aug 24 2018 19:15:48 GMT-0500 (CDT): GET /users 
Fri Aug 24 2018 19:17:57 GMT-0500 (CDT): GET /users/me 
Fri Aug 24 2018 19:18:08 GMT-0500 (CDT): POST /users/login 
Fri Aug 24 2018 19:18:41 GMT-0500 (CDT): POST /users/login 
Fri Aug 24 2018 19:19:54 GMT-0500 (CDT): POST /users/login 
Fri Aug 24 2018 19:20:15 GMT-0500 (CDT): POST /todos 
Fri Aug 24 2018 19:20:19 GMT-0500 (CDT): GET /todos 
Fri Aug 24 2018 19:20:20 GMT-0500 (CDT): GET /todos 
Fri Aug 24 2018 19:20:27 GMT-0500 (CDT): GET /todos 
Fri Aug 24 2018 19:21:19 GMT-0500 (CDT): GET /users/me 
Fri Aug 24 2018 19:21:25 GMT-0500 (CDT): GET /users/me 
Fri Aug 24 2018 19:21:35 GMT-0500 (CDT): GET /todos 
Fri Aug 24 2018 23:44:01 GMT-0500 (CDT): GET /todos 
Fri Aug 24 2018 23:44:03 GMT-0500 (CDT): GET /todos 
Fri Aug 24 2018 23:44:32 GMT-0500 (CDT): GET /todos 
Fri Aug 24 2018 23:45:21 GMT-0500 (CDT): GET /todos 
Fri Aug 24 2018 23:46:09 GMT-0500 (CDT): POST /todos 
Fri Aug 24 2018 23:46:28 GMT-0500 (CDT): GET /todos 
Fri Aug 24 2018 23:49:49 GMT-0500 (CDT): GET /todos 
Fri Aug 24 2018 23:49:53 GMT-0500 (CDT): GET /todos 
Fri Aug 24 2018 23:50:04 GMT-0500 (CDT): GET /todos 
Fri Aug 24 2018 23:50:55 GMT-0500 (CDT): POST /todos 
Fri Aug 24 2018 23:50:55 GMT-0500 (CDT): POST /todos 
Fri Aug 24 2018 23:50:56 GMT-0500 (CDT): GET /todos 
Fri Aug 24 2018 23:50:56 GMT-0500 (CDT): GET /todos/5b80e02e596a400884836aa5 
Fri Aug 24 2018 23:50:56 GMT-0500 (CDT): GET /todos/5b80e030596a400884836aa7 
Fri Aug 24 2018 23:50:57 GMT-0500 (CDT): GET /todos/123abc 
Fri Aug 24 2018 23:50:57 GMT-0500 (CDT): DELETE /todos/5b80e02e596a400884836aa6 
Fri Aug 24 2018 23:50:58 GMT-0500 (CDT): DELETE /todos/5b80e032596a400884836aa8 
Fri Aug 24 2018 23:50:58 GMT-0500 (CDT): DELETE /todos/123abc 
Fri Aug 24 2018 23:50:58 GMT-0500 (CDT): PATCH /todos/5b80e02e596a400884836aa5 
Fri Aug 24 2018 23:50:59 GMT-0500 (CDT): PATCH /todos/5b80e02e596a400884836aa6 
Fri Aug 24 2018 23:50:59 GMT-0500 (CDT): GET /users/me 
Fri Aug 24 2018 23:51:00 GMT-0500 (CDT): GET /users/me 
Fri Aug 24 2018 23:51:00 GMT-0500 (CDT): POST /users 
Fri Aug 24 2018 23:51:01 GMT-0500 (CDT): POST /users 
Fri Aug 24 2018 23:51:01 GMT-0500 (CDT): POST /users 
Fri Aug 24 2018 23:51:02 GMT-0500 (CDT): POST /users/login 
Fri Aug 24 2018 23:51:02 GMT-0500 (CDT): POST /users/login 
Fri Aug 24 2018 23:51:03 GMT-0500 (CDT): DELETE /users/me/token 
Sat Aug 25 2018 00:00:58 GMT-0500 (CDT): POST /todos 
Sat Aug 25 2018 00:01:28 GMT-0500 (CDT): POST /users/login 
Sat Aug 25 2018 00:01:45 GMT-0500 (CDT): POST /todos 
Sat Aug 25 2018 00:01:47 GMT-0500 (CDT): POST /todos 
Sat Aug 25 2018 00:01:53 GMT-0500 (CDT): POST /todos 
Sat Aug 25 2018 00:04:04 GMT-0500 (CDT): POST /users/login 
Sat Aug 25 2018 00:04:13 GMT-0500 (CDT): POST /users/login 
Sat Aug 25 2018 00:04:49 GMT-0500 (CDT): POST /users/ 
Sat Aug 25 2018 00:05:12 GMT-0500 (CDT): POST /users/login 
Sat Aug 25 2018 00:05:43 GMT-0500 (CDT): POST /todos 
Sat Aug 25 2018 00:06:35 GMT-0500 (CDT): POST /users/ 
Sat Aug 25 2018 00:07:09 GMT-0500 (CDT): POST /users/login 
Sat Aug 25 2018 00:07:21 GMT-0500 (CDT): POST /todos 
Sat Aug 25 2018 00:07:29 GMT-0500 (CDT): GET /todos 
Sat Aug 25 2018 00:07:35 GMT-0500 (CDT): GET /todos 
Sat Aug 25 2018 00:09:14 GMT-0500 (CDT): POST /todos 
Sat Aug 25 2018 00:09:14 GMT-0500 (CDT): POST /todos 
Sat Aug 25 2018 00:09:15 GMT-0500 (CDT): GET /todos 
Sat Aug 25 2018 00:09:15 GMT-0500 (CDT): GET /todos/5b80e479a5ba340996637f80 
Sat Aug 25 2018 00:09:16 GMT-0500 (CDT): GET /todos/5b80e47ca5ba340996637f82 
Sat Aug 25 2018 00:09:16 GMT-0500 (CDT): GET /todos/123abc 
Sat Aug 25 2018 00:09:17 GMT-0500 (CDT): DELETE /todos/5b80e479a5ba340996637f81 
Sat Aug 25 2018 00:09:17 GMT-0500 (CDT): DELETE /todos/5b80e47da5ba340996637f83 
Sat Aug 25 2018 00:09:17 GMT-0500 (CDT): DELETE /todos/123abc 
Sat Aug 25 2018 00:09:18 GMT-0500 (CDT): PATCH /todos/5b80e479a5ba340996637f80 
Sat Aug 25 2018 00:09:18 GMT-0500 (CDT): PATCH /todos/5b80e479a5ba340996637f81 
Sat Aug 25 2018 00:09:19 GMT-0500 (CDT): GET /users/me 
Sat Aug 25 2018 00:09:19 GMT-0500 (CDT): GET /users/me 
Sat Aug 25 2018 00:09:20 GMT-0500 (CDT): POST /users 
Sat Aug 25 2018 00:09:20 GMT-0500 (CDT): POST /users 
Sat Aug 25 2018 00:09:21 GMT-0500 (CDT): POST /users 
Sat Aug 25 2018 00:09:21 GMT-0500 (CDT): POST /users/login 
Sat Aug 25 2018 00:09:22 GMT-0500 (CDT): POST /users/login 
Sat Aug 25 2018 00:09:23 GMT-0500 (CDT): DELETE /users/me/token 
Sat Aug 25 2018 00:11:44 GMT-0500 (CDT): POST /todos 
Sat Aug 25 2018 00:11:44 GMT-0500 (CDT): POST /todos 
Sat Aug 25 2018 00:11:45 GMT-0500 (CDT): GET /todos 
Sat Aug 25 2018 00:11:45 GMT-0500 (CDT): GET /todos/5b80e50fa4430709dbf6f569 
Sat Aug 25 2018 00:11:46 GMT-0500 (CDT): GET /todos/5b80e512a4430709dbf6f56b 
Sat Aug 25 2018 00:11:46 GMT-0500 (CDT): GET /todos/123abc 
Sat Aug 25 2018 00:11:47 GMT-0500 (CDT): DELETE /todos/5b80e50fa4430709dbf6f56a 
Sat Aug 25 2018 00:11:47 GMT-0500 (CDT): DELETE /todos/5b80e513a4430709dbf6f56c 
Sat Aug 25 2018 00:11:47 GMT-0500 (CDT): DELETE /todos/123abc 
Sat Aug 25 2018 00:11:48 GMT-0500 (CDT): PATCH /todos/5b80e50fa4430709dbf6f569 
Sat Aug 25 2018 00:11:48 GMT-0500 (CDT): PATCH /todos/5b80e50fa4430709dbf6f56a 
Sat Aug 25 2018 00:11:49 GMT-0500 (CDT): GET /users/me 
Sat Aug 25 2018 00:11:49 GMT-0500 (CDT): GET /users/me 
Sat Aug 25 2018 00:11:50 GMT-0500 (CDT): POST /users 
Sat Aug 25 2018 00:11:50 GMT-0500 (CDT): POST /users 
Sat Aug 25 2018 00:11:51 GMT-0500 (CDT): POST /users 
Sat Aug 25 2018 00:11:51 GMT-0500 (CDT): POST /users/login 
Sat Aug 25 2018 00:11:52 GMT-0500 (CDT): POST /users/login 
Sat Aug 25 2018 00:11:53 GMT-0500 (CDT): DELETE /users/me/token 
Sat Aug 25 2018 11:20:34 GMT-0500 (CDT): POST /todos 
Sat Aug 25 2018 11:20:35 GMT-0500 (CDT): POST /todos 
Sat Aug 25 2018 11:20:35 GMT-0500 (CDT): GET /todos 
Sat Aug 25 2018 11:20:36 GMT-0500 (CDT): GET /todos/5b8181d295f90505576a5340 
Sat Aug 25 2018 11:20:36 GMT-0500 (CDT): GET /todos/5b8181d495f90505576a5342 
Sat Aug 25 2018 11:20:37 GMT-0500 (CDT): GET /todos/123abc 
Sat Aug 25 2018 11:20:37 GMT-0500 (CDT): DELETE /todos/5b8181d295f90505576a5341 
Sat Aug 25 2018 11:20:37 GMT-0500 (CDT): DELETE /todos/5b8181d595f90505576a5343 
Sat Aug 25 2018 11:20:38 GMT-0500 (CDT): DELETE /todos/123abc 
Sat Aug 25 2018 11:21:00 GMT-0500 (CDT): POST /todos 
Sat Aug 25 2018 11:21:01 GMT-0500 (CDT): POST /todos 
Sat Aug 25 2018 11:21:01 GMT-0500 (CDT): GET /todos 
Sat Aug 25 2018 11:21:01 GMT-0500 (CDT): GET /todos/5b8181ec38abf1057272db1c 
Sat Aug 25 2018 11:21:02 GMT-0500 (CDT): GET /todos/5b8181ee38abf1057272db1e 
Sat Aug 25 2018 11:21:02 GMT-0500 (CDT): GET /todos/123abc 
Sat Aug 25 2018 11:21:03 GMT-0500 (CDT): DELETE /todos/5b8181ec38abf1057272db1d 
Sat Aug 25 2018 11:21:03 GMT-0500 (CDT): DELETE /todos/5b8181ef38abf1057272db1f 
Sat Aug 25 2018 11:21:04 GMT-0500 (CDT): DELETE /todos/123abc 
Sat Aug 25 2018 11:21:04 GMT-0500 (CDT): PATCH /todos/5b8181ec38abf1057272db1c 
Sat Aug 25 2018 11:21:04 GMT-0500 (CDT): PATCH /todos/5b8181ec38abf1057272db1d 
Sat Aug 25 2018 11:21:05 GMT-0500 (CDT): GET /users/me 
Sat Aug 25 2018 11:21:05 GMT-0500 (CDT): GET /users/me 
Sat Aug 25 2018 11:21:06 GMT-0500 (CDT): POST /users 
Sat Aug 25 2018 11:21:06 GMT-0500 (CDT): POST /users 
Sat Aug 25 2018 11:21:07 GMT-0500 (CDT): POST /users 
Sat Aug 25 2018 11:21:07 GMT-0500 (CDT): POST /users/login 
Sat Aug 25 2018 11:21:08 GMT-0500 (CDT): POST /users/login 
Sat Aug 25 2018 11:21:09 GMT-0500 (CDT): DELETE /users/me/token 
Sat Aug 25 2018 11:28:10 GMT-0500 (CDT): POST /todos 
Sat Aug 25 2018 11:28:10 GMT-0500 (CDT): POST /todos 
Sat Aug 25 2018 11:28:11 GMT-0500 (CDT): GET /todos 
Sat Aug 25 2018 11:28:11 GMT-0500 (CDT): GET /todos/5b818399830e7405dc03e500 
Sat Aug 25 2018 11:28:11 GMT-0500 (CDT): GET /todos/5b81839b830e7405dc03e502 
Sat Aug 25 2018 11:28:12 GMT-0500 (CDT): GET /todos/123abc 
Sat Aug 25 2018 11:28:12 GMT-0500 (CDT): DELETE /todos/5b818399830e7405dc03e501 
Sat Aug 25 2018 11:28:13 GMT-0500 (CDT): DELETE /todos/5b81839d830e7405dc03e503 
Sat Aug 25 2018 11:28:13 GMT-0500 (CDT): DELETE /todos/123abc 
Sat Aug 25 2018 11:28:14 GMT-0500 (CDT): PATCH /todos/5b818399830e7405dc03e500 
Sat Aug 25 2018 11:28:14 GMT-0500 (CDT): PATCH /todos/5b818399830e7405dc03e501 
Sat Aug 25 2018 11:28:15 GMT-0500 (CDT): GET /users/me 
Sat Aug 25 2018 11:28:15 GMT-0500 (CDT): GET /users/me 
Sat Aug 25 2018 11:28:15 GMT-0500 (CDT): POST /users 
Sat Aug 25 2018 11:28:16 GMT-0500 (CDT): POST /users 
Sat Aug 25 2018 11:28:16 GMT-0500 (CDT): POST /users 
Sat Aug 25 2018 11:28:17 GMT-0500 (CDT): POST /users/login 
Sat Aug 25 2018 11:28:18 GMT-0500 (CDT): POST /users/login 
Sat Aug 25 2018 11:28:18 GMT-0500 (CDT): DELETE /users/me/token 
Sat Aug 25 2018 11:33:37 GMT-0500 (CDT): POST /todos 
Sat Aug 25 2018 11:33:37 GMT-0500 (CDT): POST /todos 
Sat Aug 25 2018 11:33:38 GMT-0500 (CDT): GET /todos 
Sat Aug 25 2018 11:33:38 GMT-0500 (CDT): GET /todos/5b8184e036742b0638434966 
Sat Aug 25 2018 11:33:39 GMT-0500 (CDT): GET /todos/5b8184e336742b0638434968 
Sat Aug 25 2018 11:33:39 GMT-0500 (CDT): GET /todos/123abc 
Sat Aug 25 2018 11:33:40 GMT-0500 (CDT): GET /todos/5b8184e036742b0638434967 
Sat Aug 25 2018 11:33:40 GMT-0500 (CDT): DELETE /todos/5b8184e036742b0638434967 
Sat Aug 25 2018 11:33:40 GMT-0500 (CDT): DELETE /todos/5b8184e436742b0638434969 
Sat Aug 25 2018 11:33:41 GMT-0500 (CDT): DELETE /todos/123abc 
Sat Aug 25 2018 11:33:41 GMT-0500 (CDT): PATCH /todos/5b8184e036742b0638434966 
Sat Aug 25 2018 11:33:42 GMT-0500 (CDT): PATCH /todos/5b8184e036742b0638434967 
Sat Aug 25 2018 11:33:42 GMT-0500 (CDT): GET /users/me 
Sat Aug 25 2018 11:33:43 GMT-0500 (CDT): GET /users/me 
Sat Aug 25 2018 11:33:43 GMT-0500 (CDT): POST /users 
Sat Aug 25 2018 11:33:44 GMT-0500 (CDT): POST /users 
Sat Aug 25 2018 11:33:44 GMT-0500 (CDT): POST /users 
Sat Aug 25 2018 11:33:45 GMT-0500 (CDT): POST /users/login 
Sat Aug 25 2018 11:33:45 GMT-0500 (CDT): POST /users/login 
Sat Aug 25 2018 11:33:46 GMT-0500 (CDT): DELETE /users/me/token 
Sat Aug 25 2018 11:39:12 GMT-0500 (CDT): POST /todos 
Sat Aug 25 2018 11:39:13 GMT-0500 (CDT): POST /todos 
Sat Aug 25 2018 11:39:13 GMT-0500 (CDT): GET /todos 
Sat Aug 25 2018 11:39:14 GMT-0500 (CDT): GET /todos/5b8186303338e80685373aca 
Sat Aug 25 2018 11:39:14 GMT-0500 (CDT): GET /todos/5b8186323338e80685373acc 
Sat Aug 25 2018 11:39:15 GMT-0500 (CDT): GET /todos/123abc 
Sat Aug 25 2018 11:39:15 GMT-0500 (CDT): GET /todos/5b8186303338e80685373acb 
Sat Aug 25 2018 11:39:15 GMT-0500 (CDT): DELETE /todos/5b8186303338e80685373acb 
Sat Aug 25 2018 11:39:16 GMT-0500 (CDT): DELETE /todos/5b8186303338e80685373aca 
Sat Aug 25 2018 11:39:16 GMT-0500 (CDT): DELETE /todos/5b8186343338e80685373acd 
Sat Aug 25 2018 11:39:17 GMT-0500 (CDT): DELETE /todos/123abc 
Sat Aug 25 2018 11:39:17 GMT-0500 (CDT): PATCH /todos/5b8186303338e80685373aca 
Sat Aug 25 2018 11:39:18 GMT-0500 (CDT): PATCH /todos/5b8186303338e80685373acb 
Sat Aug 25 2018 11:39:18 GMT-0500 (CDT): GET /users/me 
Sat Aug 25 2018 11:39:18 GMT-0500 (CDT): GET /users/me 
Sat Aug 25 2018 11:39:19 GMT-0500 (CDT): POST /users 
Sat Aug 25 2018 11:39:19 GMT-0500 (CDT): POST /users 
Sat Aug 25 2018 11:39:20 GMT-0500 (CDT): POST /users 
Sat Aug 25 2018 11:39:21 GMT-0500 (CDT): POST /users/login 
Sat Aug 25 2018 11:39:21 GMT-0500 (CDT): POST /users/login 
Sat Aug 25 2018 11:39:22 GMT-0500 (CDT): DELETE /users/me/token 
Sat Aug 25 2018 11:44:23 GMT-0500 (CDT): POST /todos 
Sat Aug 25 2018 11:44:23 GMT-0500 (CDT): POST /todos 
Sat Aug 25 2018 11:44:23 GMT-0500 (CDT): GET /todos 
Sat Aug 25 2018 11:44:24 GMT-0500 (CDT): GET /todos/5b818766480d6306c9922105 
Sat Aug 25 2018 11:44:24 GMT-0500 (CDT): GET /todos/5b818768480d6306c9922107 
Sat Aug 25 2018 11:44:25 GMT-0500 (CDT): GET /todos/123abc 
Sat Aug 25 2018 11:44:25 GMT-0500 (CDT): GET /todos/5b818766480d6306c9922106 
Sat Aug 25 2018 11:44:26 GMT-0500 (CDT): DELETE /todos/5b818766480d6306c9922106 
Sat Aug 25 2018 11:44:26 GMT-0500 (CDT): DELETE /todos/5b818766480d6306c9922105 
Sat Aug 25 2018 11:44:26 GMT-0500 (CDT): DELETE /todos/5b81876a480d6306c9922108 
Sat Aug 25 2018 11:44:27 GMT-0500 (CDT): DELETE /todos/123abc 
Sat Aug 25 2018 11:44:27 GMT-0500 (CDT): PATCH /todos/5b818766480d6306c9922105 
Sat Aug 25 2018 11:44:28 GMT-0500 (CDT): PATCH /todos/5b818766480d6306c9922106 
Sat Aug 25 2018 11:44:28 GMT-0500 (CDT): GET /users/me 
Sat Aug 25 2018 11:44:28 GMT-0500 (CDT): GET /users/me 
Sat Aug 25 2018 11:44:29 GMT-0500 (CDT): POST /users 
Sat Aug 25 2018 11:44:29 GMT-0500 (CDT): POST /users 
Sat Aug 25 2018 11:44:30 GMT-0500 (CDT): POST /users 
Sat Aug 25 2018 11:44:30 GMT-0500 (CDT): POST /users/login 
Sat Aug 25 2018 11:44:31 GMT-0500 (CDT): POST /users/login 
Sat Aug 25 2018 11:44:32 GMT-0500 (CDT): DELETE /users/me/token 
Sat Aug 25 2018 11:45:26 GMT-0500 (CDT): POST /todos 
Sat Aug 25 2018 11:45:26 GMT-0500 (CDT): POST /todos 
Sat Aug 25 2018 11:45:27 GMT-0500 (CDT): GET /todos 
Sat Aug 25 2018 11:45:27 GMT-0500 (CDT): GET /todos/5b8187a5d9794306f06cdbb0 
Sat Aug 25 2018 11:45:28 GMT-0500 (CDT): GET /todos/5b8187a8d9794306f06cdbb2 
Sat Aug 25 2018 11:45:28 GMT-0500 (CDT): GET /todos/123abc 
Sat Aug 25 2018 11:45:28 GMT-0500 (CDT): GET /todos/5b8187a5d9794306f06cdbb1 
Sat Aug 25 2018 11:45:29 GMT-0500 (CDT): DELETE /todos/5b8187a5d9794306f06cdbb1 
Sat Aug 25 2018 11:45:29 GMT-0500 (CDT): DELETE /todos/5b8187a5d9794306f06cdbb0 
Sat Aug 25 2018 11:45:30 GMT-0500 (CDT): DELETE /todos/5b8187aad9794306f06cdbb3 
Sat Aug 25 2018 11:45:30 GMT-0500 (CDT): DELETE /todos/123abc 
Sat Aug 25 2018 11:45:30 GMT-0500 (CDT): PATCH /todos/5b8187a5d9794306f06cdbb0 
Sat Aug 25 2018 11:45:31 GMT-0500 (CDT): PATCH /todos/5b8187a5d9794306f06cdbb1 
Sat Aug 25 2018 11:45:31 GMT-0500 (CDT): GET /users/me 
Sat Aug 25 2018 11:45:32 GMT-0500 (CDT): GET /users/me 
Sat Aug 25 2018 11:45:32 GMT-0500 (CDT): POST /users 
Sat Aug 25 2018 11:45:33 GMT-0500 (CDT): POST /users 
Sat Aug 25 2018 11:45:33 GMT-0500 (CDT): POST /users 
Sat Aug 25 2018 11:45:34 GMT-0500 (CDT): POST /users/login 
Sat Aug 25 2018 11:45:34 GMT-0500 (CDT): POST /users/login 
Sat Aug 25 2018 11:45:35 GMT-0500 (CDT): DELETE /users/me/token 
Sat Aug 25 2018 11:53:11 GMT-0500 (CDT): POST /todos 
Sat Aug 25 2018 11:53:11 GMT-0500 (CDT): POST /todos 
Sat Aug 25 2018 11:53:11 GMT-0500 (CDT): GET /todos 
Sat Aug 25 2018 11:53:12 GMT-0500 (CDT): GET /todos/5b818976866b66073ad875fa 
Sat Aug 25 2018 11:53:12 GMT-0500 (CDT): GET /todos/5b818978866b66073ad875fc 
Sat Aug 25 2018 11:53:13 GMT-0500 (CDT): GET /todos/123abc 
Sat Aug 25 2018 11:53:13 GMT-0500 (CDT): GET /todos/5b818976866b66073ad875fb 
Sat Aug 25 2018 11:53:14 GMT-0500 (CDT): DELETE /todos/5b818976866b66073ad875fb 
Sat Aug 25 2018 11:53:14 GMT-0500 (CDT): DELETE /todos/5b818976866b66073ad875fa 
Sat Aug 25 2018 11:53:15 GMT-0500 (CDT): DELETE /todos/5b81897b866b66073ad875fd 
Sat Aug 25 2018 11:53:15 GMT-0500 (CDT): DELETE /todos/123abc 
Sat Aug 25 2018 11:53:15 GMT-0500 (CDT): PATCH /todos/5b818976866b66073ad875fa 
Sat Aug 25 2018 11:53:16 GMT-0500 (CDT): PATCH /todos/5b818976866b66073ad875fb 
Sat Aug 25 2018 11:53:16 GMT-0500 (CDT): GET /users/me 
Sat Aug 25 2018 11:53:17 GMT-0500 (CDT): GET /users/me 
Sat Aug 25 2018 11:53:17 GMT-0500 (CDT): POST /users 
Sat Aug 25 2018 11:53:18 GMT-0500 (CDT): POST /users 
Sat Aug 25 2018 11:53:18 GMT-0500 (CDT): POST /users 
Sat Aug 25 2018 11:53:19 GMT-0500 (CDT): POST /users/login 
Sat Aug 25 2018 11:53:20 GMT-0500 (CDT): POST /users/login 
Sat Aug 25 2018 11:53:20 GMT-0500 (CDT): DELETE /users/me/token 
Sat Aug 25 2018 11:54:25 GMT-0500 (CDT): POST /todos 
Sat Aug 25 2018 11:54:25 GMT-0500 (CDT): POST /todos 
Sat Aug 25 2018 11:54:26 GMT-0500 (CDT): GET /todos 
Sat Aug 25 2018 11:54:26 GMT-0500 (CDT): GET /todos/5b8189c0e59fba07562826a6 
Sat Aug 25 2018 11:54:27 GMT-0500 (CDT): GET /todos/5b8189c3e59fba07562826a8 
Sat Aug 25 2018 11:54:27 GMT-0500 (CDT): GET /todos/123abc 
Sat Aug 25 2018 11:54:28 GMT-0500 (CDT): GET /todos/5b8189c0e59fba07562826a7 
Sat Aug 25 2018 11:54:28 GMT-0500 (CDT): DELETE /todos/5b8189c0e59fba07562826a7 
Sat Aug 25 2018 11:54:28 GMT-0500 (CDT): DELETE /todos/5b8189c0e59fba07562826a6 
Sat Aug 25 2018 11:54:29 GMT-0500 (CDT): DELETE /todos/5b8189c5e59fba07562826a9 
Sat Aug 25 2018 11:54:29 GMT-0500 (CDT): DELETE /todos/123abc 
Sat Aug 25 2018 11:54:30 GMT-0500 (CDT): PATCH /todos/5b8189c0e59fba07562826a6 
Sat Aug 25 2018 11:54:30 GMT-0500 (CDT): PATCH /todos/5b8189c0e59fba07562826a7 
Sat Aug 25 2018 11:54:31 GMT-0500 (CDT): GET /users/me 
Sat Aug 25 2018 11:54:31 GMT-0500 (CDT): GET /users/me 
Sat Aug 25 2018 11:54:31 GMT-0500 (CDT): POST /users 
Sat Aug 25 2018 11:54:32 GMT-0500 (CDT): POST /users 
Sat Aug 25 2018 11:54:32 GMT-0500 (CDT): POST /users 
Sat Aug 25 2018 11:54:33 GMT-0500 (CDT): POST /users/login 
Sat Aug 25 2018 11:54:34 GMT-0500 (CDT): POST /users/login 
Sat Aug 25 2018 11:54:34 GMT-0500 (CDT): DELETE /users/me/token 
Sat Aug 25 2018 11:55:01 GMT-0500 (CDT): POST /todos 
Sat Aug 25 2018 11:55:02 GMT-0500 (CDT): POST /todos 
Sat Aug 25 2018 11:55:02 GMT-0500 (CDT): GET /todos 
Sat Aug 25 2018 11:55:03 GMT-0500 (CDT): GET /todos/5b8189e5f66dfa0775614edc 
Sat Aug 25 2018 11:55:03 GMT-0500 (CDT): GET /todos/5b8189e7f66dfa0775614ede 
Sat Aug 25 2018 11:55:04 GMT-0500 (CDT): GET /todos/123abc 
Sat Aug 25 2018 11:55:04 GMT-0500 (CDT): GET /todos/5b8189e5f66dfa0775614edd 
Sat Aug 25 2018 11:55:04 GMT-0500 (CDT): DELETE /todos/5b8189e5f66dfa0775614edd 
Sat Aug 25 2018 11:55:05 GMT-0500 (CDT): DELETE /todos/5b8189e5f66dfa0775614edc 
Sat Aug 25 2018 11:55:05 GMT-0500 (CDT): DELETE /todos/5b8189e9f66dfa0775614edf 
Sat Aug 25 2018 11:55:06 GMT-0500 (CDT): DELETE /todos/123abc 
Sat Aug 25 2018 11:55:06 GMT-0500 (CDT): PATCH /todos/5b8189e5f66dfa0775614edc 
Sat Aug 25 2018 11:55:06 GMT-0500 (CDT): PATCH /todos/5b8189e5f66dfa0775614edd 
Sat Aug 25 2018 11:55:07 GMT-0500 (CDT): GET /users/me 
Sat Aug 25 2018 11:55:07 GMT-0500 (CDT): GET /users/me 
Sat Aug 25 2018 11:55:08 GMT-0500 (CDT): POST /users 
Sat Aug 25 2018 11:55:08 GMT-0500 (CDT): POST /users 
Sat Aug 25 2018 11:55:09 GMT-0500 (CDT): POST /users 
Sat Aug 25 2018 11:55:09 GMT-0500 (CDT): POST /users/login 
Sat Aug 25 2018 11:55:10 GMT-0500 (CDT): POST /users/login 
Sat Aug 25 2018 11:55:11 GMT-0500 (CDT): DELETE /users/me/token 
Sat Aug 25 2018 11:55:40 GMT-0500 (CDT): POST /todos 
Sat Aug 25 2018 11:55:41 GMT-0500 (CDT): POST /todos 
Sat Aug 25 2018 11:55:41 GMT-0500 (CDT): GET /todos 
Sat Aug 25 2018 11:55:42 GMT-0500 (CDT): GET /todos/5b818a0c4ceae7079387ffb9 
Sat Aug 25 2018 11:55:42 GMT-0500 (CDT): GET /todos/5b818a0e4ceae7079387ffbb 
Sat Aug 25 2018 11:55:43 GMT-0500 (CDT): GET /todos/123abc 
Sat Aug 25 2018 11:55:43 GMT-0500 (CDT): GET /todos/5b818a0c4ceae7079387ffba 
Sat Aug 25 2018 11:55:43 GMT-0500 (CDT): DELETE /todos/5b818a0c4ceae7079387ffba 
Sat Aug 25 2018 11:55:44 GMT-0500 (CDT): DELETE /todos/5b818a0c4ceae7079387ffb9 
Sat Aug 25 2018 11:55:44 GMT-0500 (CDT): DELETE /todos/5b818a104ceae7079387ffbc 
Sat Aug 25 2018 11:55:45 GMT-0500 (CDT): DELETE /todos/123abc 
Sat Aug 25 2018 11:55:45 GMT-0500 (CDT): PATCH /todos/5b818a0c4ceae7079387ffb9 
Sat Aug 25 2018 11:55:46 GMT-0500 (CDT): PATCH /todos/5b818a0c4ceae7079387ffba 
Sat Aug 25 2018 11:55:46 GMT-0500 (CDT): GET /users/me 
Sat Aug 25 2018 11:55:47 GMT-0500 (CDT): GET /users/me 
Sat Aug 25 2018 11:55:47 GMT-0500 (CDT): POST /users 
Sat Aug 25 2018 11:55:48 GMT-0500 (CDT): POST /users 
Sat Aug 25 2018 11:55:48 GMT-0500 (CDT): POST /users 
Sat Aug 25 2018 11:55:49 GMT-0500 (CDT): POST /users/login 
Sat Aug 25 2018 11:55:49 GMT-0500 (CDT): POST /users/login 
Sat Aug 25 2018 11:55:50 GMT-0500 (CDT): DELETE /users/me/token 
Sat Aug 25 2018 11:57:13 GMT-0500 (CDT): POST /todos 
Sat Aug 25 2018 11:57:13 GMT-0500 (CDT): POST /todos 
Sat Aug 25 2018 11:57:14 GMT-0500 (CDT): GET /todos 
Sat Aug 25 2018 11:57:14 GMT-0500 (CDT): GET /todos/5b818a68f8733307b2b93b75 
Sat Aug 25 2018 11:57:14 GMT-0500 (CDT): GET /todos/5b818a6af8733307b2b93b77 
Sat Aug 25 2018 11:57:15 GMT-0500 (CDT): GET /todos/123abc 
Sat Aug 25 2018 11:57:15 GMT-0500 (CDT): GET /todos/5b818a68f8733307b2b93b76 
Sat Aug 25 2018 11:57:16 GMT-0500 (CDT): DELETE /todos/5b818a68f8733307b2b93b76 
Sat Aug 25 2018 11:57:16 GMT-0500 (CDT): DELETE /todos/5b818a68f8733307b2b93b75 
Sat Aug 25 2018 11:57:16 GMT-0500 (CDT): DELETE /todos/5b818a6cf8733307b2b93b78 
Sat Aug 25 2018 11:57:17 GMT-0500 (CDT): DELETE /todos/123abc 
Sat Aug 25 2018 11:57:17 GMT-0500 (CDT): PATCH /todos/5b818a68f8733307b2b93b75 
Sat Aug 25 2018 11:57:18 GMT-0500 (CDT): PATCH /todos/5b818a68f8733307b2b93b75 
Sat Aug 25 2018 11:57:18 GMT-0500 (CDT): PATCH /todos/5b818a68f8733307b2b93b76 
Sat Aug 25 2018 11:57:19 GMT-0500 (CDT): GET /users/me 
Sat Aug 25 2018 11:57:19 GMT-0500 (CDT): GET /users/me 
Sat Aug 25 2018 11:57:19 GMT-0500 (CDT): POST /users 
Sat Aug 25 2018 11:57:20 GMT-0500 (CDT): POST /users 
Sat Aug 25 2018 11:57:20 GMT-0500 (CDT): POST /users 
Sat Aug 25 2018 11:57:21 GMT-0500 (CDT): POST /users/login 
Sat Aug 25 2018 11:57:22 GMT-0500 (CDT): POST /users/login 
Sat Aug 25 2018 11:57:22 GMT-0500 (CDT): DELETE /users/me/token 
